stock_num
\N
\N
\N
\N
\N
\N
\N
\N
\N
\N
\N
\N
\N
\N
\N
\N
\N
\N
\N
\N
\N
\N
\N
\N
\N
\N
\N
\N
\N
\N
\N
\N
\N
\N
\N
\N
\N
\N
\N
\N
\N
\N
\N
\N
\N
\N
\N
\N
\N
\N
\N
\N
\N
\N
\N
\N
\N
\N
\N
\N
\N
\N
\N
\N
\N
\N
\N
\N
\N
\N
\N
\N
\N
\N
\N
\N
\N
\N
\N
\N
\N
\N
\N
\N
\N
\N
\N
\N
\N
\N
\N
\N
\N
\N
\N
\N
\N
\N
\N
\N
\N
\N
\N
\N
\N
\N
\N
\N
\N
\N
\N
\N
\N
\N
\N
\N
\N
\N
\N
\N
\N
\N
\N
\N
\N
\N
\N
\N
\N
\N
\N
\N
\N
\N
\N
\N
\N
\N
\N
\N
\N
\N
\N
\N
\N
\N
\N
\N
\N
\N
\N
\N
\N
\N
\N
\N
\N
\N
\N
\N
\N
\N
\N
\N
\N
\N
\N
\N
\N
\N
\N
\N
\N
\N
\N
\N
\N
\N
\N
\N
\N
\N
\N
\N
\N
\N
\N
\N
\N
\N
\N
\N
\N
\N
\N
\N
\N
\N
\N
\N
\N
\N
\N
\N
\N
\N
\N
\N
\N
\N
\N
\N
\N
\N
\N
\N
\N
\N
\N
\N
\N
\N
\N
\N
\N
\N
\N
\N
\N
\N
\N
\N
\N
\N
\N
\N
\N
\N
\N
\N
\N
\N
\N
\N
\N
\N
\N
\N
\N
\N
\N
\N
\N
\N
\N
\N
\N
\N
\N
\N
\N
\N
\N
\N
\N
\N
\N
\N
\N
\N
\N
\N
\N
\N
\N
\N
\N
\N
\N
\N
\N
\N
\N
\N
\N
\N
\N
\N
\N
\N
\N
\N
\N
\N
\N
\N
\N
\N
\N
\N
\N
\N
\N
\N
\N
\N
\N
\N
\N
\N
\N
\N
\N
\N
\N
\N
\N
\N
\N
\N
\N
\N
\N
\N
\N
\N
\N
\N
\N
\N
\N
\N
\N
\N
\N
\N
\N
\N
\N
\N
\N
\N
\N
\N
\N
\N
\N
\N
\N
\N
\N
\N
\N
\N
\N
\N
\N
\N
\N
\N
\N
\N
\N
\N
\N
\N
\N
\N
\N
\N
\N
\N
\N
\N
\N
\N
\N
\N
\N
\N
\N
\N
\N
\N
\N
\N
\N
\N
\N
\N
\N
\N
\N
\N
\N
\N
\N
\N
\N
\N
\N
\N
\N
\N
\N
\N
\N
\N
\N
\N
\N
\N
\N
\N
\N
\N
\N
\N
\N
\N
\N
\N
\N
\N
\N
\N
\N
\N
\N
\N
\N
\N
\N
\N
\N
\N
\N
\N
\N
\N
\N
\N
\N
\N
\N
\N
\N
\N
\N
\N
\N
\N
\N
\N
\N
\N
\N
\N
\N
\N
\N
\N
\N
\N
\N
\N
\N
\N
\N
\N
\N
\N
\N
\N
\N
\N
\N
\N
\N
\N
\N
\N
\N
\N
\N
\N
\N
\N
\N
\N
\N
\N
\N
\N
\N
\N
\N
\N
\N
\N
\N
\N
\N
\N
\N
\N
\N
\N
\N
\N
\N
\N
\N
\N
\N
\N
\N
\N
\N
\N
\N
\N
\N
\N
\N
\N
\N
\N
\N
\N
\N
\N
\N
\N
\N
\N
\N
\N
\N
\N
\N
\N
\N
\N
\N
\N
\N
\N
\N
\N
\N
\N
\N
\N
\N
\N
\N
\N
\N
\N
\N
\N
\N
\N
\N
\N
\N
\N
\N
\N
\N
\N
\N
\N
\N
\N
\N
\N
\N
\N
\N
\N
\N
\N
\N
\N
\N
\N
\N
\N
\N
\N
\N
\N
\N
\N
\N
\N
\N
\N
\N
\N
\N
\N
\N
\N
\N
\N
\N
\N
\N
\N
\N
\N
\N
\N
\N
\N
\N
\N
\N
\N
\N
\N
\N
\N
\N
\N
\N
\N
\N
\N
\N
\N
\N
\N
\N
\N
\N
\N
\N
\N
\N
\N
\N
\N
\N
\N
\N
\N
\N
\N
\N
\N
\N
\N
\N
\N
\N
\N
\N
\N
\N
\N
\N
\N
\N
\N
\N
\N
\N
\N
\N
\N
\N
\N
\N
\N
\N
\N
\N
\N
\N
\N
\N
\N
\N
\N
\N
\N
\N
\N
\N
\N
\N
\N
\N
\N
\N
\N
\N
\N
\N
\N
\N
\N
\N
\N
\N
\N
\N
\N
\N
\N
\N
\N
\N
\N
\N
\N
\N
\N
\N
\N
\N
\N
\N
\N
\N
\N
\N
\N
\N
\N
\N
\N
\N
\N
\N
\N
\N
\N
\N
\N
\N
\N
\N
\N
\N
\N
\N
\N
\N
\N
\N
\N
\N
\N
\N
\N
\N
\N
\N
\N
\N
\N
\N
\N
\N
\N
\N
\N
\N
\N
\N
\N
\N
\N
\N
\N
\N
\N
\N
\N
\N
\N
\N
\N
\N
\N
\N
\N
\N
\N
\N
\N
\N
\N
\N
\N
\N
\N
\N
\N
\N
\N
\N
\N
\N
\N
\N
\N
\N
\N
\N
\N
\N
\N
\N
\N
\N
\N
\N
\N
\N
\N
\N
\N
\N
\N
\N
\N
\N
\N
\N
\N
\N
\N
\N
\N
\N
\N
\N
\N
\N
\N
\N
\N
\N
\N
\N
\N
\N
\N
\N
\N
\N
\N
\N
\N
\N
\N
\N
\N
\N
\N
\N
\N
\N
\N
\N
\N
\N
\N
\N
\N
\N
\N
\N
\N
\N
\N
\N
\N
\N
\N
\N
\N
\N
\N
\N
\N
\N
\N
\N
\N
\N
\N
\N
\N
\N
\N
\N
\N
\N
\N
\N
\N
\N
\N
\N
\N
\N
\N
\N
\N
\N
\N
\N
\N
\N
\N
\N
\N
\N
\N
\N
\N
\N
\N
\N
\N
\N
\N
\N
\N
\N
\N
\N
\N
\N
\N
\N
\N
\N
\N
\N
\N
\N
\N
\N
\N
\N
\N
\N
\N
\N
\N
\N
\N
\N
\N
\N
\N
\N
\N
\N
\N
\N
\N
\N
\N
\N
\N
\N
\N
\N
\N
\N
\N
\N
\N
\N
\N
\N
\N
\N
\N
\N
\N
\N
\N
\N
\N
\N
\N
\N
\N
\N
\N
\N
\N
\N
\N
\N
\N
\N
\N
\N
\N
\N
-1.000000
-1.000000
-1.000000
-1.000000
-1.000000
-1.000000
-1.000000
-1.000000
-1.000000
-1.000000
-1.000000
-1.000000
-1.000000
-1.000000
-1.000000
-1.000000
-1.000000
-1.000000
-1.000000
-1.000000
-1.000000
-1.000000
-1.000000
-1.000000
-1.000000
-1.000000
-1.000000
-1.000000
-1.000000
-1.000000
-1.000000
-1.000000
-1.000000
-1.000000
-1.000000
-1.000000
-1.000000
-1.000000
-1.000000
-1.000000
-1.000000
-1.000000
-1.000000
-1.000000
-1.000000
-1.000000
-1.000000
-1.000000
-1.000000
-1.000000
-1.000000
-1.000000
-1.000000
-1.000000
-1.000000
-1.000000
-1.000000
-1.000000
-1.000000
-1.000000
-1.000000
-1.000000
-1.000000
-1.000000
-1.000000
-1.000000
-1.000000
-1.000000
-1.000000
-1.000000
-1.000000
-1.000000
-1.000000
-1.000000
-1.000000
-1.000000
-1.000000
-1.000000
-1.000000
-1.000000
-1.000000
-1.000000
-1.000000
-1.000000
-1.000000
-1.000000
-1.000000
-1.000000
-1.000000
-1.000000
-1.000000
-1.000000
-1.000000
-1.000000
-1.000000
-1.000000
-1.000000
-1.000000
-1.000000
-1.000000
-1.000000
-1.000000
-1.000000
-1.000000
-1.000000
-1.000000
-1.000000
-1.000000
-1.000000
-1.000000
-1.000000
-1.000000
-1.000000
-1.000000
-1.000000
-1.000000
-1.000000
-1.000000
-1.000000
-1.000000
-1.000000
-1.000000
-1.000000
-1.000000
-1.000000
-1.000000
-1.000000
-1.000000
-1.000000
-1.000000
-1.000000
-1.000000
-1.000000
-1.000000
-1.000000
-1.000000
-1.000000
-1.000000
-1.000000
-1.000000
-1.000000
-1.000000
-1.000000
-1.000000
-1.000000
-1.000000
-1.000000
-1.000000
-1.000000
-1.000000
-1.000000
-1.000000
-1.000000
-1.000000
-1.000000
-1.000000
-1.000000
-1.000000
-1.000000
-1.000000
-1.000000
-1.000000
0.000000
0.000000
0.000000
0.000000
0.000000
0.000000
0.000000
0.000000
0.000000
0.000000
0.000000
0.000000
0.000000
0.000000
0.000000
0.000000
0.000000
0.000000
0.000000
0.000000
0.000000
0.000000
0.000000
0.000000
0.000000
0.000000
0.000000
0.000000
0.000000
0.000000
0.000000
0.000000
0.000000
0.000000
0.000000
0.000000
0.000000
0.000000
0.000000
0.000000
0.000000
0.000000
0.000000
0.000000
0.000000
0.000000
0.000000
0.000000
0.000000
0.000000
0.000000
0.000000
0.000000
0.000000
0.000000
0.000000
0.000000
0.000000
0.000000
0.000000
0.000000
0.000000
0.000000
0.000000
0.000000
0.000000
0.000000
0.000000
0.000000
0.000000
0.000000
0.000000
0.000000
0.000000
0.000000
0.000000
0.000000
0.000000
0.000000
0.000000
0.000000
0.000000
0.000000
0.000000
0.000000
0.000000
0.000000
0.000000
0.000000
0.000000
0.000000
0.000000
0.000000
0.000000
0.000000
0.000000
0.000000
0.000000
0.000000
0.000000
0.000000
0.000000
0.000000
0.000000
0.000000
0.000000
0.000000
0.000000
0.000000
0.000000
0.000000
0.000000
0.000000
0.000000
0.000000
0.000000
0.000000
0.000000
0.000000
0.000000
0.000000
0.000000
0.000000
0.000000
0.000000
0.000000
0.000000
0.000000
0.000000
0.000000
0.000000
0.000000
0.000000
0.000000
0.000000
0.000000
0.000000
0.000000
0.000000
0.000000
0.000000
0.000000
0.000000
0.000000
0.000000
0.000000
0.000000
0.000000
0.000000
0.000000
0.000000
0.000000
0.000000
0.000000
0.000000
0.000000
0.000000
0.000000
0.000000
0.000000
0.000000
0.000000
0.000000
0.000000
0.000000
0.000000
0.000000
0.000000
0.000000
0.000000
0.000000
0.000000
0.000000
0.000000
0.000000
0.000000
0.000000
0.000000
0.000000
0.000000
0.000000
0.000000
0.000000
0.000000
0.000000
0.000000
0.000000
0.000000
0.000000
0.000000
0.000000
0.000000
0.000000
0.000000
0.000000
0.000000
0.000000
0.000000
0.000000
0.000000
0.000000
0.000000
0.000000
0.000000
0.000000
0.000000
0.000000
0.000000
0.000000
0.000000
0.000000
0.000000
0.000000
0.000000
0.000000
0.000000
0.000000
0.000000
0.000000
0.000000
0.000000
0.000000
0.000000
0.000000
0.000000
0.000000
0.000000
0.000000
0.000000
0.000000
0.000000
0.000000
0.000000
0.000000
0.000000
0.000000
0.000000
0.000000
0.000000
0.000000
0.000000
0.000000
0.000000
0.000000
0.000000
0.000000
0.000000
0.000000
0.000000
0.000000
0.000000
0.000000
0.000000
0.000000
0.000000
0.000000
0.000000
0.000000
0.000000
0.000000
0.000000
0.000000
0.000000
0.000000
0.000000
0.000000
0.000000
0.000000
0.000000
0.000000
0.000000
0.000000
0.000000
0.000000
0.000000
0.000000
0.000000
0.000000
0.000000
0.000000
0.000000
0.000000
0.000000
0.000000
0.000000
0.000000
0.000000
0.000000
0.000000
0.000000
0.000000
0.000000
0.000000
0.000000
0.000000
0.000000
0.000000
0.000000
0.000000
0.000000
0.000000
0.000000
0.000000
0.000000
0.000000
0.000000
0.000000
0.000000
0.000000
0.000000
0.000000
0.000000
0.000000
0.000000
0.000000
0.000000
0.000000
0.000000
0.000000
0.000000
0.000000
0.000000
0.000000
0.000000
0.000000
0.000000
0.000000
0.000000
0.000000
0.000000
0.000000
0.000000
0.000000
0.000000
0.000000
0.000000
0.000000
0.000000
0.000000
0.000000
0.000000
0.000000
0.000000
0.000000
0.000000
0.000000
0.000000
0.000000
0.000000
0.000000
0.000000
0.000000
0.000000
0.000000
0.000000
0.000000
0.000000
0.000000
0.000000
0.000000
0.000000
0.000000
0.000000
0.000000
0.000000
0.000000
0.000000
0.000000
0.000000
0.000000
0.000000
0.000000
0.000000
0.000000
0.000000
0.000000
0.000000
0.000000
0.000000
0.000000
0.000000
0.000000
0.000000
0.000000
0.000000
0.000000
0.000000
0.000000
0.000000
0.000000
0.000000
0.000000
0.000000
0.000000
0.000000
0.000000
0.000000
0.000000
0.000000
0.000000
0.000000
0.000000
0.000000
0.000000
0.000000
0.000000
0.000000
0.000000
0.000000
0.000000
0.000000
0.000000
0.000000
0.000000
0.000000
0.000000
0.000000
0.000000
0.000000
0.000000
0.000000
0.000000
0.000000
0.000000
0.000000
0.000000
0.000000
0.000000
0.000000
0.000000
0.000000
0.000000
0.000000
0.000000
0.000000
0.000000
0.000000
0.000000
0.000000
0.000000
0.000000
0.000000
0.000000
0.000000
0.000000
0.000000
0.000000
0.000000
0.000000
0.000000
0.000000
0.000000
0.000000
0.000000
0.000000
0.000000
0.000000
0.000000
0.000000
0.000000
0.000000
0.000000
0.000000
0.000000
0.000000
0.000000
0.000000
0.000000
0.000000
0.000000
0.000000
0.000000
0.000000
0.000000
0.000000
0.000000
0.000000
0.000000
0.000000
0.000000
0.000000
0.000000
0.000000
0.000000
0.000000
0.000000
0.000000
0.000000
0.000000
0.000000
0.000000
0.000000
0.000000
0.000000
0.000000
0.000000
0.000000
0.000000
0.000000
0.000000
0.000000
0.000000
0.000000
0.000000
0.000000
0.000000
0.000000
0.000000
0.000000
0.000000
0.000000
0.000000
0.000000
0.000000
0.000000
0.000000
0.000000
0.000000
0.000000
0.000000
0.000000
0.000000
0.000000
0.000000
0.000000
0.000000
0.000000
0.000000
0.000000
0.000000
0.000000
0.000000
0.000000
0.000000
0.000000
0.000000
0.000000
0.000000
0.000000
0.000000
0.000000
0.000000
0.000000
0.000000
0.000000
0.000000
0.000000
0.000000
0.000000
0.000000
0.000000
0.000000
0.000000
0.000000
0.000000
0.000000
0.000000
0.000000
0.000000
0.000000
0.000000
0.000000
0.000000
0.000000
0.000000
0.000000
0.000000
0.000000
0.000000
0.000000
0.000000
0.000000
0.000000
0.000000
0.000000
0.000000
0.000000
0.000000
0.000000
0.000000
0.000000
0.000000
0.000000
0.000000
0.000000
0.000000
0.000000
0.000000
0.000000
0.000000
0.000000
0.000000
0.000000
0.000000
0.000000
0.000000
0.000000
0.000000
0.000000
0.000000
0.000000
0.000000
0.000000
0.000000
0.000000
0.000000
0.000000
0.000000
0.000000
0.000000
0.000000
0.000000
0.000000
0.000000
0.000000
0.000000
0.000000
0.000000
0.000000
0.000000
0.000000
0.000000
0.000000
0.000000
0.000000
0.000000
0.000000
0.000000
0.000000
0.000000
0.000000
0.000000
0.000000
0.000000
0.000000
0.000000
0.000000
0.000000
0.000000
0.000000
0.000000
0.000000
0.000000
0.000000
0.000000
0.000000
0.000000
0.000000
0.000000
0.000000
0.000000
0.000000
0.000000
0.000000
0.000000
0.000000
0.000000
0.000000
0.000000
0.000000
0.000000
0.000000
0.000000
0.000000
0.000000
0.000000
0.000000
0.000000
0.000000
0.000000
0.000000
0.000000
0.000000
0.000000
0.000000
0.000000
0.000000
0.000000
0.000000
0.000000
0.000000
0.000000
0.000000
0.000000
0.000000
0.000000
0.000000
0.000000
0.000000
0.000000
0.000000
0.000000
0.000000
0.000000
0.000000
0.000000
0.000000
0.000000
0.000000
0.000000
0.000000
0.000000
0.000000
0.000000
0.000000
0.000000
0.000000
0.000000
0.000000
0.000000
0.000000
0.000000
0.000000
0.000000
0.000000
0.000000
0.000000
0.000000
0.000000
0.000000
0.000000
0.000000
0.000000
0.000000
0.000000
0.000000
0.000000
0.000000
0.000000
0.000000
0.000000
0.000000
0.000000
0.000000
0.000000
0.000000
0.000000
0.000000
0.000000
0.000000
0.000000
0.000000
0.000000
0.000000
0.000000
0.000000
0.000000
0.000000
0.000000
0.000000
0.000000
0.000000
0.000000
0.000000
0.000000
0.000000
0.000000
0.000000
0.000000
0.000000
0.000000
0.000000
0.000000
0.000000
0.000000
0.000000
0.000000
0.000000
0.000000
0.000000
0.000000
0.000000
0.000000
0.000000
0.000000
0.000000
0.000000
0.000000
0.000000
0.000000
0.000000
0.000000
0.000000
0.000000
0.000000
0.000000
0.000000
0.000000
0.000000
0.000000
0.000000
0.000000
0.000000
0.000000
0.000000
0.000000
0.000000
0.000000
0.000000
2.000000
4.000000
5.000000
9.000000
12.000000
16.000000
18.000000
20.000000
20.000000
24.000000
25.000000
30.000000
36.000000
36.000000
38.000000
40.000000
44.000000
45.000000
45.000000
47.000000
48.000000
50.000000
52.000000
60.000000
63.000000
65.000000
67.000000
68.000000
76.000000
80.000000
80.000000
80.000000
80.000000
80.000000
80.000000
80.000000
80.000000
80.000000
80.000000
80.000000
80.000000
80.000000
80.000000
80.000000
80.000000
80.000000
80.000000
80.000000
80.000000
80.000000
80.000000
80.000000
80.000000
80.000000
80.000000
80.000000
80.000000
80.000000
80.000000
80.000000
80.000000
80.000000
80.000000
80.000000
80.000000
80.000000
80.000000
80.000000
80.000000
80.000000
80.000000
80.000000
80.000000
80.000000
80.000000
80.000000
80.000000
80.000000
80.000000
80.000000
80.000000
80.000000
80.000000
80.000000
80.000000
80.000000
80.000000
80.000000
80.000000
80.000000
80.000000
80.000000
80.000000
80.000000
80.000000
80.000000
80.000000
80.000000
80.000000
80.000000
80.000000
80.000000
80.000000
80.000000
80.000000
80.000000
80.000000
80.000000
80.000000
80.000000
80.000000
80.000000
80.000000
80.000000
80.000000
80.000000
80.000000
80.000000
80.000000
80.000000
80.000000
80.000000
80.000000
80.000000
80.000000
80.000000
80.000000
80.000000
80.000000
80.000000
80.000000
80.000000
80.000000
80.000000
80.000000
80.000000
80.000000
80.000000
80.000000
80.000000
80.000000
80.000000
80.000000
80.000000
80.000000
80.000000
80.000000
80.000000
80.000000
80.000000
80.000000
80.000000
80.000000
80.000000
80.000000
80.000000
80.000000
80.000000
80.000000
80.000000
80.000000
80.000000
80.000000
80.000000
80.000000
80.000000
80.000000
80.000000
80.000000
80.000000
80.000000
80.000000
80.000000
80.000000
80.000000
80.000000
80.000000
80.000000
80.000000
80.000000
94.000000
99.000000
108.000000
120.000000
120.000000
120.000000
120.000000
120.000000
120.000000
120.000000
120.000000
120.000000
120.000000
120.000000
120.000000
120.000000
120.000000
120.000000
120.000000
120.000000
120.000000
120.000000
120.000000
120.000000
120.000000
120.000000
120.000000
120.000000
120.000000
120.000000
120.000000
120.000000
120.000000
120.000000
120.000000
120.000000
120.000000
120.000000
120.000000
120.000000
120.000000
120.000000
120.000000
120.000000
120.000000
120.000000
120.000000
120.000000
120.000000
120.000000
120.000000
120.000000
120.000000
140.000000
150.000000
150.000000
150.000000
150.000000
150.000000
150.000000
150.000000
150.000000
150.000000
150.000000
150.000000
150.000000
150.000000
150.000000
150.000000
150.000000
150.000000
150.000000
150.000000
150.000000
150.000000
150.000000
150.000000
150.000000
150.000000
150.000000
150.000000
150.000000
150.000000
150.000000
150.000000
150.000000
150.000000
150.000000
150.000000
150.000000
150.000000
150.000000
150.000000
150.000000
150.000000
150.000000
150.000000
150.000000
150.000000
150.000000
150.000000
150.000000
150.000000
150.000000
150.000000
150.000000
150.000000
150.000000
150.000000
150.000000
150.000000
150.000000
150.000000
150.000000
150.000000
150.000000
150.000000
150.000000
150.000000
150.000000
150.000000
150.000000
150.000000
150.000000
150.000000
150.000000
150.000000
150.000000
150.000000
150.000000
150.000000
150.000000
150.000000
150.000000
150.000000
150.000000
150.000000
150.000000
150.000000
150.000000
150.000000
150.000000
150.000000
150.000000
150.000000
150.000000
150.000000
150.000000
150.000000
150.000000
150.000000
150.000000
150.000000
150.000000
150.000000
150.000000
150.000000
150.000000
150.000000
150.000000
150.000000
150.000000
150.000000
150.000000
150.000000
150.000000
150.000000
150.000000
150.000000
150.000000
150.000000
150.000000
150.000000
150.000000
150.000000
150.000000
150.000000
150.000000
150.000000
150.000000
150.000000
150.000000
150.000000
150.000000
150.000000
150.000000
150.000000
150.000000
150.000000
150.000000
150.000000
150.000000
150.000000
150.000000
150.000000
150.000000
150.000000
150.000000
150.000000
150.000000
150.000000
150.000000
150.000000
150.000000
150.000000
150.000000
150.000000
150.000000
150.000000
150.000000
150.000000
150.000000
150.000000
150.000000
150.000000
150.000000
150.000000
150.000000
156.000000
160.000000
160.000000
160.000000
160.000000
160.000000
160.000000
176.000000
181.000000
185.000000
189.000000
200.000000
200.000000
208.000000
210.000000
210.000000
230.000000
240.000000
240.000000
240.000000
240.000000
240.000000
240.000000
240.000000
240.000000
240.000000
240.000000
240.000000
240.000000
240.000000
240.000000
240.000000
240.000000
240.000000
240.000000
240.000000
240.000000
240.000000
240.000000
240.000000
240.000000
240.000000
240.000000
240.000000
240.000000
240.000000
240.000000
240.000000
240.000000
240.000000
240.000000
240.000000
240.000000
240.000000
240.000000
240.000000
240.000000
240.000000
240.000000
240.000000
240.000000
240.000000
240.000000
240.000000
260.000000
268.000000
277.000000
281.000000
314.000000
315.000000
318.000000
320.000000
320.000000
320.000000
320.000000
320.000000
320.000000
320.000000
320.000000
320.000000
320.000000
320.000000
320.000000
320.000000
320.000000
320.000000
320.000000
320.000000
320.000000
320.000000
320.000000
320.000000
320.000000
320.000000
320.000000
320.000000
320.000000
320.000000
320.000000
320.000000
320.000000
320.000000
320.000000
320.000000
320.000000
320.000000
320.000000
320.000000
320.000000
320.000000
320.000000
320.000000
320.000000
320.000000
320.000000
320.000000
320.000000
320.000000
320.000000
320.000000
320.000000
320.000000
320.000000
320.000000
320.000000
320.000000
320.000000
320.000000
320.000000
320.000000
320.000000
320.000000
320.000000
320.000000
320.000000
320.000000
320.000000
320.000000
320.000000
320.000000
320.000000
320.000000
320.000000
320.000000
320.000000
320.000000
320.000000
320.000000
324.000000
324.000000
324.000000
324.000000
324.000000
324.000000
324.000000
324.000000
324.000000
324.000000
324.000000
324.000000
324.000000
324.000000
324.000000
324.000000
324.000000
324.000000
324.000000
324.000000
324.000000
324.000000
324.000000
324.000000
324.000000
324.000000
324.000000
324.000000
324.000000
324.000000
324.000000
324.000000
324.000000
335.000000
350.000000
350.000000
350.000000
350.000000
350.000000
350.000000
350.000000
350.000000
350.000000
350.000000
350.000000
350.000000
350.000000
350.000000
350.000000
350.000000
350.000000
350.000000
350.000000
350.000000
350.000000
352.000000
365.000000
380.000000
380.000000
385.000000
385.000000
385.000000
385.000000
385.000000
385.000000
385.000000
390.000000
400.000000
400.000000
400.000000
400.000000
400.000000
400.000000
400.000000
400.000000
400.000000
400.000000
400.000000
400.000000
400.000000
400.000000
400.000000
400.000000
400.000000
400.000000
400.000000
400.000000
400.000000
400.000000
400.000000
400.000000
400.000000
400.000000
400.000000
400.000000
400.000000
400.000000
400.000000
400.000000
400.000000
400.000000
400.000000
400.000000
400.000000
400.000000
400.000000
400.000000
400.000000
400.000000
400.000000
400.000000
400.000000
400.000000
400.000000
400.000000
400.000000
407.000000
420.000000
420.000000
420.000000
420.000000
422.000000
429.000000
438.000000
440.000000
444.000000
450.000000
450.000000
450.000000
450.000000
450.000000
460.000000
460.000000
460.000000
460.000000
460.000000
460.000000
460.000000
460.000000
460.000000
460.000000
460.000000
460.000000
460.000000
460.000000
460.000000
460.000000
460.000000
460.000000
460.000000
460.000000
460.000000
468.000000
468.000000
480.000000
480.000000
480.000000
480.000000
480.000000
480.000000
480.000000
480.000000
480.000000
480.000000
480.000000
480.000000
480.000000
480.000000
480.000000
480.000000
480.000000
480.000000
480.000000
480.000000
480.000000
480.000000
480.000000
480.000000
480.000000
480.000000
480.000000
480.000000
480.000000
480.000000
480.000000
480.000000
480.000000
480.000000
480.000000
480.000000
480.000000
480.000000
480.000000
480.000000
480.000000
480.000000
480.000000
480.000000
480.000000
480.000000
480.000000
480.000000
480.000000
480.000000
480.000000
480.000000
480.000000
480.000000
480.000000
480.000000
480.000000
480.000000
480.000000
480.000000
480.000000
480.000000
480.000000
480.000000
480.000000
480.000000
480.000000
484.000000
496.000000
500.000000
500.000000
508.000000
509.000000
517.000000
518.000000
526.000000
532.000000
547.000000
564.000000
570.000000
612.000000
630.000000
631.000000
638.000000
660.000000
663.000000
665.000000
675.000000
676.000000
682.000000
694.000000
720.000000
750.000000
750.000000
750.000000
750.000000
750.000000
750.000000
750.000000
750.000000
750.000000
750.000000
750.000000
750.000000
750.000000
750.000000
750.000000
750.000000
750.000000
750.000000
750.000000
750.000000
750.000000
750.000000
750.000000
750.000000
750.000000
750.000000
750.000000
750.000000
774.000000
778.000000
789.000000
800.000000
800.000000
800.000000
800.000000
800.000000
800.000000
800.000000
800.000000
800.000000
800.000000
800.000000
800.000000
800.000000
800.000000
800.000000
800.000000
800.000000
800.000000
800.000000
800.000000
800.000000
800.000000
800.000000
800.000000
800.000000
800.000000
800.000000
800.000000
800.000000
800.000000
800.000000
800.000000
800.000000
800.000000
800.000000
800.000000
800.000000
800.000000
800.000000
800.000000
800.000000
800.000000
800.000000
800.000000
800.000000
800.000000
800.000000
800.000000
800.000000
800.000000
800.000000
800.000000
800.000000
800.000000
800.000000
800.000000
800.000000
800.000000
800.000000
840.000000
840.000000
969.000000
974.000000
980.000000
992.000000
995.000000
997.000000
1000.000000
1000.000000
1000.000000
1000.000000
1000.000000
1000.000000
1000.000000
1000.000000
1000.000000
1000.000000
1000.000000
1000.000000
1000.000000
1000.000000
1000.000000
1000.000000
1000.000000
1000.000000
1000.000000
1000.000000
1000.000000
1000.000000
1000.000000
1000.000000
1000.000000
1000.000000
1000.000000
1000.000000
1000.000000
1000.000000
1000.000000
1000.000000
1000.000000
1000.000000
1000.000000
1000.000000
1000.000000
1000.000000
1000.000000
1000.000000
1000.000000
1000.000000
1000.000000
1000.000000
1000.000000
1000.000000
1000.000000
1000.000000
1000.000000
1000.000000
1000.000000
1000.000000
1000.000000
1000.000000
1000.000000
1000.000000
1000.000000
1000.000000
1000.000000
1000.000000
1000.000000
1000.000000
1000.000000
1000.000000
1000.000000
1000.000000
1000.000000
1000.000000
1000.000000
1000.000000
1000.000000
1000.000000
1000.000000
1000.000000
1000.000000
1000.000000
1000.000000
1000.000000
1000.000000
1000.000000
1000.000000
1000.000000
1000.000000
1000.000000
1000.000000
1000.000000
1000.000000
1000.000000
1000.000000
1000.000000
1000.000000
1000.000000
1000.000000
1000.000000
1000.000000
1033.000000
1091.000000
1095.000000
1104.000000
1128.000000
1157.000000
1163.000000
1188.000000
1284.000000
1298.000000
1329.000000
1332.000000
1498.000000
1563.000000
1755.000000
1800.000000
1800.000000
1800.000000
1800.000000
1800.000000
1800.000000
1800.000000
1800.000000
1800.000000
1800.000000
1800.000000
1800.000000
1800.000000
1800.000000
1800.000000
1800.000000
1800.000000
1800.000000
1809.000000
1890.000000
1890.000000
1890.000000
1890.000000
1890.000000
1890.000000
1897.000000
1898.000000
1923.000000
1925.000000
1946.000000
1965.000000
1978.000000
1985.000000
1993.000000
1997.000000
2000.000000
2000.000000
2000.000000
2000.000000
2000.000000
2000.000000
2000.000000
2000.000000
2000.000000
2000.000000
2000.000000
2000.000000
2000.000000
2000.000000
2000.000000
2000.000000
2000.000000
2000.000000
2000.000000
2000.000000
2000.000000
2000.000000
2000.000000
2000.000000
2000.000000
2000.000000
2000.000000
2000.000000
2000.000000
2000.000000
2000.000000
2000.000000
2000.000000
2000.000000
2000.000000
2000.000000
2000.000000
2000.000000
2000.000000
2000.000000
2000.000000
2000.000000
2000.000000
2000.000000
2000.000000
2000.000000
2000.000000
2000.000000
2000.000000
2000.000000
2000.000000
2000.000000
2000.000000
2000.000000
2000.000000
2000.000000
2000.000000
2000.000000
2000.000000
2000.000000
2000.000000
2029.000000
2188.000000
2280.000000
2472.000000
2475.000000
2485.000000
2488.000000
2490.000000
2494.000000
2500.000000
2500.000000
2500.000000
2500.000000
2500.000000
2500.000000
2500.000000
2500.000000
2500.000000
2500.000000
2500.000000
2500.000000
2500.000000
2500.000000
2500.000000
2500.000000
2500.000000
2500.000000
2500.000000
2500.000000
2500.000000
2500.000000
2500.000000
2500.000000
2500.000000
2500.000000
2500.000000
2500.000000
2500.000000
2500.000000
2500.000000
2500.000000
2500.000000
2500.000000
2500.000000
2500.000000
2500.000000
2500.000000
2500.000000
2500.000000
2500.000000
2500.000000
2500.000000
2500.000000
2500.000000
2500.000000
2500.000000
2500.000000
2500.000000
2500.000000
2500.000000
2500.000000
2500.000000
2500.000000
2500.000000
2500.000000
2500.000000
2500.000000
2500.000000
2500.000000
2500.000000
2500.000000
2500.000000
2500.000000
2500.000000
2500.000000
2500.000000
2500.000000
2500.000000
2500.000000
2500.000000
2500.000000
2500.000000
2500.000000
2500.000000
2500.000000
2500.000000
2500.000000
2500.000000
2500.000000
2500.000000
2500.000000
2500.000000
2500.000000
2500.000000
2500.000000
2500.000000
2500.000000
2500.000000
2500.000000
2500.000000
2500.000000
2500.000000
2536.000000
2552.000000
2552.000000
2683.000000
2812.000000
2882.000000
2898.000000
3000.000000
3000.000000
3000.000000
3000.000000
3000.000000
3000.000000
3000.000000
3000.000000
3000.000000
3000.000000
3000.000000
3000.000000
3000.000000
3000.000000
3000.000000
3000.000000
3000.000000
3000.000000
3000.000000
3000.000000
3000.000000
3000.000000
3000.000000
3000.000000
3000.000000
3000.000000
3000.000000
3000.000000
3000.000000
3000.000000
3000.000000
3000.000000
3000.000000
3000.000000
3000.000000
3000.000000
3000.000000
3000.000000
3000.000000
3000.000000
3000.000000
3000.000000
3000.000000
3000.000000
3000.000000
3000.000000
3000.000000
3000.000000
3000.000000
3000.000000
3000.000000
3000.000000
3000.000000
3000.000000
3000.000000
3000.000000
3000.000000
3000.000000
3000.000000
3000.000000
3000.000000
3000.000000
3000.000000
3000.000000
3000.000000
3000.000000
3000.000000
3000.000000
3000.000000
3000.000000
3000.000000
3000.000000
3000.000000
3000.000000
3000.000000
3000.000000
3000.000000
3000.000000
3000.000000
3000.000000
3000.000000
3000.000000
3000.000000
3000.000000
3000.000000
3000.000000
3000.000000
3000.000000
3000.000000
3000.000000
3000.000000
3000.000000
3000.000000
3000.000000
3000.000000
3000.000000
3000.000000
3000.000000
3000.000000
3000.000000
3000.000000
3000.000000
3000.000000
3000.000000
3000.000000
3000.000000
3000.000000
3000.000000
3000.000000
3000.000000
3000.000000
3000.000000
3000.000000
3000.000000
3000.000000
3000.000000
3000.000000
3000.000000
3000.000000
3000.000000
3000.000000
3000.000000
3000.000000
3000.000000
3000.000000
3000.000000
3000.000000
3000.000000
3000.000000
3000.000000
3000.000000
3000.000000
3000.000000
3000.000000
3000.000000
3000.000000
3000.000000
3000.000000
3000.000000
3000.000000
3000.000000
3000.000000
3000.000000
3000.000000
3000.000000
3000.000000
3000.000000
3000.000000
3000.000000
3040.000000
3090.000000
3257.000000
3492.000000
3509.000000
3793.000000
3914.000000
3943.000000
3958.000000
3985.000000
3986.000000
4000.000000
4000.000000
4000.000000
4000.000000
4000.000000
4000.000000
4000.000000
4000.000000
4000.000000
4000.000000
4000.000000
4000.000000
4000.000000
4000.000000
4000.000000
4000.000000
4000.000000
4000.000000
4000.000000
4000.000000
4000.000000
4000.000000
4000.000000
4000.000000
4000.000000
4000.000000
4000.000000
4000.000000
4000.000000
4000.000000
4000.000000
4000.000000
4000.000000
4000.000000
4000.000000
4000.000000
4000.000000
4000.000000
4000.000000
4000.000000
4000.000000
4000.000000
4000.000000
4000.000000
4000.000000
4000.000000
4000.000000
4000.000000
4000.000000
4000.000000
4000.000000
4000.000000
4000.000000
4000.000000
4000.000000
4000.000000
4000.000000
4000.000000
4000.000000
4000.000000
4000.000000
4000.000000
4000.000000
4000.000000
4000.000000
4000.000000
4000.000000
4000.000000
4000.000000
4000.000000
4000.000000
4000.000000
4000.000000
4000.000000
4000.000000
4000.000000
4000.000000
4000.000000
4000.000000
4000.000000
4000.000000
4000.000000
4000.000000
4000.000000
4000.000000
4000.000000
4000.000000
4000.000000
4000.000000
4000.000000
4000.000000
4000.000000
4000.000000
4000.000000
4000.000000
4000.000000
4000.000000
4000.000000
4000.000000
4000.000000
4000.000000
4000.000000
4000.000000
4000.000000
4000.000000
4000.000000
4000.000000
4000.000000
4000.000000
4000.000000
4000.000000
4000.000000
4000.000000
4000.000000
4000.000000
4000.000000
4000.000000
4000.000000
4000.000000
4000.000000
4000.000000
4000.000000
4000.000000
4000.000000
4000.000000
4000.000000
4000.000000
4000.000000
4000.000000
4000.000000
4000.000000
4000.000000
4000.000000
4000.000000
4000.000000
4000.000000
4000.000000
4000.000000
4000.000000
4000.000000
4000.000000
4000.000000
4006.000000
4270.000000
4477.000000
4493.000000
4523.000000
4555.000000
4976.000000
5000.000000
5000.000000
5000.000000
5000.000000
5000.000000
5000.000000
5000.000000
5000.000000
5000.000000
5000.000000
5338.000000
5393.000000
5512.000000
5570.000000
5652.000000
5934.000000
6000.000000
6000.000000
6000.000000
6000.000000
6000.000000
6023.000000
6785.000000
6980.000000
6987.000000
7052.000000
7467.000000
7895.000000
7976.000000
8135.000000
8484.000000
9500.000000
9903.000000
10000.000000
10000.000000
10000.000000
10000.000000
10000.000000
10000.000000
10000.000000
10000.000000
10000.000000
10000.000000
10000.000000
10000.000000
10000.000000
10000.000000
10000.000000
10000.000000
10000.000000
10000.000000
10000.000000
10000.000000
10000.000000
10000.000000
10000.000000
10000.000000
10000.000000
10000.000000
10000.000000
10000.000000
10000.000000
10000.000000
10000.000000
10000.000000
10000.000000
10000.000000
10000.000000
10000.000000
10000.000000
10000.000000
10000.000000
10000.000000
10000.000000
10000.000000
10000.000000
10000.000000
10000.000000
10000.000000
10000.000000
10000.000000
10000.000000
10000.000000
10000.000000
10000.000000
10000.000000
10000.000000
10000.000000
10000.000000
10000.000000
10000.000000
10000.000000
10000.000000
10000.000000
10000.000000
10000.000000
10000.000000
10000.000000
10000.000000
10000.000000
10000.000000
10000.000000
10000.000000
10000.000000
10000.000000
10000.000000
10000.000000
10000.000000
10000.000000
10000.000000
10000.000000
10000.000000
10000.000000
10000.000000
10000.000000
10000.000000
10000.000000
10000.000000
10000.000000
10000.000000
10000.000000
10000.000000
10000.000000
10000.000000
10000.000000
10000.000000
10000.000000
10000.000000
10000.000000
10000.000000
10000.000000
10000.000000
10000.000000
10000.000000
10000.000000
10000.000000
10000.000000
10000.000000
10000.000000
10000.000000
10000.000000
10000.000000
10000.000000
10000.000000
10000.000000
10000.000000
10000.000000
10000.000000
10000.000000
10000.000000
10000.000000
10000.000000
10000.000000
10000.000000
10000.000000
10000.000000
10000.000000
10000.000000
10000.000000
10000.000000
10000.000000
10000.000000
10000.000000
10000.000000
10000.000000
10000.000000
10000.000000
10000.000000
10000.000000
10000.000000
10000.000000
10000.000000
10000.000000
10000.000000
10000.000000
10000.000000
10000.000000
10000.000000
10000.000000
10000.000000
10000.000000
10000.000000
10000.000000
10000.000000
10000.000000
10000.000000
10000.000000
10000.000000
10000.000000
10000.000000
10000.000000
10000.000000
10000.000000
10000.000000
10000.000000
10000.000000
10000.000000
10000.000000
10000.000000
10000.000000
10000.000000
10000.000000
10000.000000
10000.000000
10000.000000
10000.000000
10000.000000
10000.000000
10000.000000
10000.000000
10000.000000
10000.000000
10000.000000
10000.000000
10000.000000
10000.000000
10000.000000
10000.000000
10000.000000
10000.000000
10000.000000
10000.000000
10000.000000
10000.000000
10000.000000
10000.000000
10000.000000
